2017-10-29 02:22:56 /MagBuy/controller/cart/new_order_controller.php PDOException: SQLSTATE[42000]: Syntax error or access violation: 1064 You have an error in your SQL syntax; check the manual that corresponds to your MariaDB server version for the right syntax to use near 'INsSERT INTO orders (user_id, created_at, status) VALUES ('4', '2017-10-29 02:22' at line 1 in C:\xampp\htdocs\MagBuy\model\database\OrdersDao.php:53
Stack trace:
#0 C:\xampp\htdocs\MagBuy\model\database\OrdersDao.php(53): PDOStatement->execute(Array)
#1 C:\xampp\htdocs\MagBuy\controller\cart\new_order_controller.php(21): model\database\OrdersDao->newOrder(Object(model\Order), Array)
#2 {main}
2017-10-29 02:24:34 /MagBuy/controller/products/infinite_scroll_controller.php PDOException: SQLSTATE[42000]: Syntax error or access violation: 1064 You have an error in your SQL syntax; check the manual that corresponds to your MariaDB server version for the right syntax to use near ''6'' at line 5 in C:\xampp\htdocs\MagBuy\model\database\ProductsDao.php:187
Stack trace:
#0 C:\xampp\htdocs\MagBuy\model\database\ProductsDao.php(187): PDOStatement->execute(Array)
#1 C:\xampp\htdocs\MagBuy\controller\products\infinite_scroll_controller.php(20): model\database\ProductsDao->getProductsBySubcategoryInfiScroll('1', '6')
#2 {main}
2017-10-29 02:24:34 /MagBuy/controller/products/infinite_scroll_controller.php PDOException: SQLSTATE[42000]: Syntax error or access violation: 1064 You have an error in your SQL syntax; check the manual that corresponds to your MariaDB server version for the right syntax to use near ''12'' at line 5 in C:\xampp\htdocs\MagBuy\model\database\ProductsDao.php:187
Stack trace:
#0 C:\xampp\htdocs\MagBuy\model\database\ProductsDao.php(187): PDOStatement->execute(Array)
#1 C:\xampp\htdocs\MagBuy\controller\products\infinite_scroll_controller.php(20): model\database\ProductsDao->getProductsBySubcategoryInfiScroll('1', '12')
#2 {main}
2017-10-29 02:24:34 /MagBuy/controller/products/infinite_scroll_controller.php PDOException: SQLSTATE[42000]: Syntax error or access violation: 1064 You have an error in your SQL syntax; check the manual that corresponds to your MariaDB server version for the right syntax to use near ''24'' at line 5 in C:\xampp\htdocs\MagBuy\model\database\ProductsDao.php:187
Stack trace:
#0 C:\xampp\htdocs\MagBuy\model\database\ProductsDao.php(187): PDOStatement->execute(Array)
#1 C:\xampp\htdocs\MagBuy\controller\products\infinite_scroll_controller.php(20): model\database\ProductsDao->getProductsBySubcategoryInfiScroll('1', '24')
#2 {main}
2017-10-29 02:24:34 /MagBuy/controller/products/infinite_scroll_controller.php PDOException: SQLSTATE[42000]: Syntax error or access violation: 1064 You have an error in your SQL syntax; check the manual that corresponds to your MariaDB server version for the right syntax to use near ''18'' at line 5 in C:\xampp\htdocs\MagBuy\model\database\ProductsDao.php:187
Stack trace:
#0 C:\xampp\htdocs\MagBuy\model\database\ProductsDao.php(187): PDOStatement->execute(Array)
#1 C:\xampp\htdocs\MagBuy\controller\products\infinite_scroll_controller.php(20): model\database\ProductsDao->getProductsBySubcategoryInfiScroll('1', '18')
#2 {main}
2017-10-29 02:24:36 /MagBuy/controller/products/infinite_scroll_controller.php PDOException: SQLSTATE[42000]: Syntax error or access violation: 1064 You have an error in your SQL syntax; check the manual that corresponds to your MariaDB server version for the right syntax to use near ''30'' at line 5 in C:\xampp\htdocs\MagBuy\model\database\ProductsDao.php:187
Stack trace:
#0 C:\xampp\htdocs\MagBuy\model\database\ProductsDao.php(187): PDOStatement->execute(Array)
#1 C:\xampp\htdocs\MagBuy\controller\products\infinite_scroll_controller.php(20): model\database\ProductsDao->getProductsBySubcategoryInfiScroll('1', '30')
#2 {main}
2017-10-29 02:24:36 /MagBuy/controller/products/infinite_scroll_controller.php PDOException: SQLSTATE[42000]: Syntax error or access violation: 1064 You have an error in your SQL syntax; check the manual that corresponds to your MariaDB server version for the right syntax to use near ''36'' at line 5 in C:\xampp\htdocs\MagBuy\model\database\ProductsDao.php:187
Stack trace:
#0 C:\xampp\htdocs\MagBuy\model\database\ProductsDao.php(187): PDOStatement->execute(Array)
#1 C:\xampp\htdocs\MagBuy\controller\products\infinite_scroll_controller.php(20): model\database\ProductsDao->getProductsBySubcategoryInfiScroll('1', '36')
#2 {main}
2017-10-29 02:24:36 /MagBuy/controller/products/infinite_scroll_controller.php PDOException: SQLSTATE[42000]: Syntax error or access violation: 1064 You have an error in your SQL syntax; check the manual that corresponds to your MariaDB server version for the right syntax to use near ''42'' at line 5 in C:\xampp\htdocs\MagBuy\model\database\ProductsDao.php:187
Stack trace:
#0 C:\xampp\htdocs\MagBuy\model\database\ProductsDao.php(187): PDOStatement->execute(Array)
#1 C:\xampp\htdocs\MagBuy\controller\products\infinite_scroll_controller.php(20): model\database\ProductsDao->getProductsBySubcategoryInfiScroll('1', '42')
#2 {main}
2017-10-29 02:24:39 /MagBuy/controller/products/infinite_scroll_controller.php PDOException: SQLSTATE[42000]: Syntax error or access violation: 1064 You have an error in your SQL syntax; check the manual that corresponds to your MariaDB server version for the right syntax to use near ''48'' at line 5 in C:\xampp\htdocs\MagBuy\model\database\ProductsDao.php:187
Stack trace:
#0 C:\xampp\htdocs\MagBuy\model\database\ProductsDao.php(187): PDOStatement->execute(Array)
#1 C:\xampp\htdocs\MagBuy\controller\products\infinite_scroll_controller.php(20): model\database\ProductsDao->getProductsBySubcategoryInfiScroll('1', '48')
#2 {main}
2017-10-29 02:24:39 /MagBuy/controller/products/infinite_scroll_controller.php PDOException: SQLSTATE[42000]: Syntax error or access violation: 1064 You have an error in your SQL syntax; check the manual that corresponds to your MariaDB server version for the right syntax to use near ''54'' at line 5 in C:\xampp\htdocs\MagBuy\model\database\ProductsDao.php:187
Stack trace:
#0 C:\xampp\htdocs\MagBuy\model\database\ProductsDao.php(187): PDOStatement->execute(Array)
#1 C:\xampp\htdocs\MagBuy\controller\products\infinite_scroll_controller.php(20): model\database\ProductsDao->getProductsBySubcategoryInfiScroll('1', '54')
#2 {main}
2017-10-29 02:24:39 /MagBuy/controller/products/infinite_scroll_controller.php PDOException: SQLSTATE[42000]: Syntax error or access violation: 1064 You have an error in your SQL syntax; check the manual that corresponds to your MariaDB server version for the right syntax to use near ''60'' at line 5 in C:\xampp\htdocs\MagBuy\model\database\ProductsDao.php:187
Stack trace:
#0 C:\xampp\htdocs\MagBuy\model\database\ProductsDao.php(187): PDOStatement->execute(Array)
#1 C:\xampp\htdocs\MagBuy\controller\products\infinite_scroll_controller.php(20): model\database\ProductsDao->getProductsBySubcategoryInfiScroll('1', '60')
#2 {main}
2017-10-29 09:54:12 /MagBuy/controller/products/infinite_scroll_controller.php PDOException: SQLSTATE[HY093]: Invalid parameter number: mixed named and positional parameters in C:\xampp\htdocs\MagBuy\model\database\ProductsDao.php:188
Stack trace:
#0 C:\xampp\htdocs\MagBuy\model\database\ProductsDao.php(188): PDOStatement->execute(Array)
#1 C:\xampp\htdocs\MagBuy\controller\products\infinite_scroll_controller.php(20): model\database\ProductsDao->getProductsBySubcategoryInfiScroll('1', '18')
#2 {main}
2017-10-29 09:54:12 /MagBuy/controller/products/infinite_scroll_controller.php PDOException: SQLSTATE[HY093]: Invalid parameter number: mixed named and positional parameters in C:\xampp\htdocs\MagBuy\model\database\ProductsDao.php:188
Stack trace:
#0 C:\xampp\htdocs\MagBuy\model\database\ProductsDao.php(188): PDOStatement->execute(Array)
#1 C:\xampp\htdocs\MagBuy\controller\products\infinite_scroll_controller.php(20): model\database\ProductsDao->getProductsBySubcategoryInfiScroll('1', '6')
#2 {main}
2017-10-29 09:54:13 /MagBuy/controller/products/infinite_scroll_controller.php PDOException: SQLSTATE[HY093]: Invalid parameter number: mixed named and positional parameters in C:\xampp\htdocs\MagBuy\model\database\ProductsDao.php:188
Stack trace:
#0 C:\xampp\htdocs\MagBuy\model\database\ProductsDao.php(188): PDOStatement->execute(Array)
#1 C:\xampp\htdocs\MagBuy\controller\products\infinite_scroll_controller.php(20): model\database\ProductsDao->getProductsBySubcategoryInfiScroll('1', '30')
#2 {main}
2017-10-29 09:54:13 /MagBuy/controller/products/infinite_scroll_controller.php PDOException: SQLSTATE[HY093]: Invalid parameter number: mixed named and positional parameters in C:\xampp\htdocs\MagBuy\model\database\ProductsDao.php:188
Stack trace:
#0 C:\xampp\htdocs\MagBuy\model\database\ProductsDao.php(188): PDOStatement->execute(Array)
#1 C:\xampp\htdocs\MagBuy\controller\products\infinite_scroll_controller.php(20): model\database\ProductsDao->getProductsBySubcategoryInfiScroll('1', '42')
#2 {main}
2017-10-29 09:54:13 /MagBuy/controller/products/infinite_scroll_controller.php PDOException: SQLSTATE[HY093]: Invalid parameter number: mixed named and positional parameters in C:\xampp\htdocs\MagBuy\model\database\ProductsDao.php:188
Stack trace:
#0 C:\xampp\htdocs\MagBuy\model\database\ProductsDao.php(188): PDOStatement->execute(Array)
#1 C:\xampp\htdocs\MagBuy\controller\products\infinite_scroll_controller.php(20): model\database\ProductsDao->getProductsBySubcategoryInfiScroll('1', '36')
#2 {main}
2017-10-29 09:54:14 /MagBuy/controller/products/infinite_scroll_controller.php PDOException: SQLSTATE[HY093]: Invalid parameter number: mixed named and positional parameters in C:\xampp\htdocs\MagBuy\model\database\ProductsDao.php:188
Stack trace:
#0 C:\xampp\htdocs\MagBuy\model\database\ProductsDao.php(188): PDOStatement->execute(Array)
#1 C:\xampp\htdocs\MagBuy\controller\products\infinite_scroll_controller.php(20): model\database\ProductsDao->getProductsBySubcategoryInfiScroll('1', '60')
#2 {main}
2017-10-29 09:54:14 /MagBuy/controller/products/infinite_scroll_controller.php PDOException: SQLSTATE[HY093]: Invalid parameter number: mixed named and positional parameters in C:\xampp\htdocs\MagBuy\model\database\ProductsDao.php:188
Stack trace:
#0 C:\xampp\htdocs\MagBuy\model\database\ProductsDao.php(188): PDOStatement->execute(Array)
#1 C:\xampp\htdocs\MagBuy\controller\products\infinite_scroll_controller.php(20): model\database\ProductsDao->getProductsBySubcategoryInfiScroll('1', '66')
#2 {main}
2017-10-29 09:54:14 /MagBuy/controller/products/infinite_scroll_controller.php PDOException: SQLSTATE[HY093]: Invalid parameter number: mixed named and positional parameters in C:\xampp\htdocs\MagBuy\model\database\ProductsDao.php:188
Stack trace:
#0 C:\xampp\htdocs\MagBuy\model\database\ProductsDao.php(188): PDOStatement->execute(Array)
#1 C:\xampp\htdocs\MagBuy\controller\products\infinite_scroll_controller.php(20): model\database\ProductsDao->getProductsBySubcategoryInfiScroll('1', '54')
#2 {main}
2017-10-29 09:54:14 /MagBuy/controller/products/infinite_scroll_controller.php PDOException: SQLSTATE[HY093]: Invalid parameter number: mixed named and positional parameters in C:\xampp\htdocs\MagBuy\model\database\ProductsDao.php:188
Stack trace:
#0 C:\xampp\htdocs\MagBuy\model\database\ProductsDao.php(188): PDOStatement->execute(Array)
#1 C:\xampp\htdocs\MagBuy\controller\products\infinite_scroll_controller.php(20): model\database\ProductsDao->getProductsBySubcategoryInfiScroll('1', '72')
#2 {main}
2017-10-29 09:54:15 /MagBuy/controller/products/infinite_scroll_controller.php PDOException: SQLSTATE[HY093]: Invalid parameter number: mixed named and positional parameters in C:\xampp\htdocs\MagBuy\model\database\ProductsDao.php:188
Stack trace:
#0 C:\xampp\htdocs\MagBuy\model\database\ProductsDao.php(188): PDOStatement->execute(Array)
#1 C:\xampp\htdocs\MagBuy\controller\products\infinite_scroll_controller.php(20): model\database\ProductsDao->getProductsBySubcategoryInfiScroll('1', '78')
#2 {main}
2017-10-29 09:54:15 /MagBuy/controller/products/infinite_scroll_controller.php PDOException: SQLSTATE[HY093]: Invalid parameter number: mixed named and positional parameters in C:\xampp\htdocs\MagBuy\model\database\ProductsDao.php:188
Stack trace:
#0 C:\xampp\htdocs\MagBuy\model\database\ProductsDao.php(188): PDOStatement->execute(Array)
#1 C:\xampp\htdocs\MagBuy\controller\products\infinite_scroll_controller.php(20): model\database\ProductsDao->getProductsBySubcategoryInfiScroll('1', '84')
#2 {main}
2017-10-29 09:54:15 /MagBuy/controller/products/infinite_scroll_controller.php PDOException: SQLSTATE[HY093]: Invalid parameter number: mixed named and positional parameters in C:\xampp\htdocs\MagBuy\model\database\ProductsDao.php:188
Stack trace:
#0 C:\xampp\htdocs\MagBuy\model\database\ProductsDao.php(188): PDOStatement->execute(Array)
#1 C:\xampp\htdocs\MagBuy\controller\products\infinite_scroll_controller.php(20): model\database\ProductsDao->getProductsBySubcategoryInfiScroll('1', '90')
#2 {main}
2017-10-29 09:54:17 /MagBuy/controller/products/infinite_scroll_controller.php PDOException: SQLSTATE[HY093]: Invalid parameter number: mixed named and positional parameters in C:\xampp\htdocs\MagBuy\model\database\ProductsDao.php:188
Stack trace:
#0 C:\xampp\htdocs\MagBuy\model\database\ProductsDao.php(188): PDOStatement->execute(Array)
#1 C:\xampp\htdocs\MagBuy\controller\products\infinite_scroll_controller.php(20): model\database\ProductsDao->getProductsBySubcategoryInfiScroll('1', '102')
#2 {main}
2017-10-29 09:54:17 /MagBuy/controller/products/infinite_scroll_controller.php PDOException: SQLSTATE[HY093]: Invalid parameter number: mixed named and positional parameters in C:\xampp\htdocs\MagBuy\model\database\ProductsDao.php:188
Stack trace:
#0 C:\xampp\htdocs\MagBuy\model\database\ProductsDao.php(188): PDOStatement->execute(Array)
#1 C:\xampp\htdocs\MagBuy\controller\products\infinite_scroll_controller.php(20): model\database\ProductsDao->getProductsBySubcategoryInfiScroll('1', '108')
#2 {main}
2017-10-29 09:54:17 /MagBuy/controller/products/infinite_scroll_controller.php PDOException: SQLSTATE[HY093]: Invalid parameter number: mixed named and positional parameters in C:\xampp\htdocs\MagBuy\model\database\ProductsDao.php:188
Stack trace:
#0 C:\xampp\htdocs\MagBuy\model\database\ProductsDao.php(188): PDOStatement->execute(Array)
#1 C:\xampp\htdocs\MagBuy\controller\products\infinite_scroll_controller.php(20): model\database\ProductsDao->getProductsBySubcategoryInfiScroll('1', '114')
#2 {main}
2017-10-29 09:54:17 /MagBuy/controller/products/infinite_scroll_controller.php PDOException: SQLSTATE[HY093]: Invalid parameter number: mixed named and positional parameters in C:\xampp\htdocs\MagBuy\model\database\ProductsDao.php:188
Stack trace:
#0 C:\xampp\htdocs\MagBuy\model\database\ProductsDao.php(188): PDOStatement->execute(Array)
#1 C:\xampp\htdocs\MagBuy\controller\products\infinite_scroll_controller.php(20): model\database\ProductsDao->getProductsBySubcategoryInfiScroll('1', '96')
#2 {main}
2017-10-29 09:54:17 /MagBuy/controller/products/infinite_scroll_controller.php PDOException: SQLSTATE[HY093]: Invalid parameter number: mixed named and positional parameters in C:\xampp\htdocs\MagBuy\model\database\ProductsDao.php:188
Stack trace:
#0 C:\xampp\htdocs\MagBuy\model\database\ProductsDao.php(188): PDOStatement->execute(Array)
#1 C:\xampp\htdocs\MagBuy\controller\products\infinite_scroll_controller.php(20): model\database\ProductsDao->getProductsBySubcategoryInfiScroll('1', '126')
#2 {main}
2017-10-29 09:54:17 /MagBuy/controller/products/infinite_scroll_controller.php PDOException: SQLSTATE[HY093]: Invalid parameter number: mixed named and positional parameters in C:\xampp\htdocs\MagBuy\model\database\ProductsDao.php:188
Stack trace:
#0 C:\xampp\htdocs\MagBuy\model\database\ProductsDao.php(188): PDOStatement->execute(Array)
#1 C:\xampp\htdocs\MagBuy\controller\products\infinite_scroll_controller.php(20): model\database\ProductsDao->getProductsBySubcategoryInfiScroll('1', '120')
#2 {main}
2017-10-29 09:54:17 /MagBuy/controller/products/infinite_scroll_controller.php PDOException: SQLSTATE[HY093]: Invalid parameter number: mixed named and positional parameters in C:\xampp\htdocs\MagBuy\model\database\ProductsDao.php:188
Stack trace:
#0 C:\xampp\htdocs\MagBuy\model\database\ProductsDao.php(188): PDOStatement->execute(Array)
#1 C:\xampp\htdocs\MagBuy\controller\products\infinite_scroll_controller.php(20): model\database\ProductsDao->getProductsBySubcategoryInfiScroll('1', '132')
#2 {main}
2017-10-29 09:54:22 /MagBuy/controller/products/infinite_scroll_controller.php PDOException: SQLSTATE[HY093]: Invalid parameter number: mixed named and positional parameters in C:\xampp\htdocs\MagBuy\model\database\ProductsDao.php:188
Stack trace:
#0 C:\xampp\htdocs\MagBuy\model\database\ProductsDao.php(188): PDOStatement->execute(Array)
#1 C:\xampp\htdocs\MagBuy\controller\products\infinite_scroll_controller.php(20): model\database\ProductsDao->getProductsBySubcategoryInfiScroll('1', '12')
#2 {main}
2017-10-29 09:54:22 /MagBuy/controller/products/infinite_scroll_controller.php PDOException: SQLSTATE[HY093]: Invalid parameter number: mixed named and positional parameters in C:\xampp\htdocs\MagBuy\model\database\ProductsDao.php:188
Stack trace:
#0 C:\xampp\htdocs\MagBuy\model\database\ProductsDao.php(188): PDOStatement->execute(Array)
#1 C:\xampp\htdocs\MagBuy\controller\products\infinite_scroll_controller.php(20): model\database\ProductsDao->getProductsBySubcategoryInfiScroll('1', '6')
#2 {main}
2017-10-29 09:54:22 /MagBuy/controller/products/infinite_scroll_controller.php PDOException: SQLSTATE[HY093]: Invalid parameter number: mixed named and positional parameters in C:\xampp\htdocs\MagBuy\model\database\ProductsDao.php:188
Stack trace:
#0 C:\xampp\htdocs\MagBuy\model\database\ProductsDao.php(188): PDOStatement->execute(Array)
#1 C:\xampp\htdocs\MagBuy\controller\products\infinite_scroll_controller.php(20): model\database\ProductsDao->getProductsBySubcategoryInfiScroll('1', '18')
#2 {main}
2017-10-29 09:54:22 /MagBuy/controller/products/infinite_scroll_controller.php PDOException: SQLSTATE[HY093]: Invalid parameter number: mixed named and positional parameters in C:\xampp\htdocs\MagBuy\model\database\ProductsDao.php:188
Stack trace:
#0 C:\xampp\htdocs\MagBuy\model\database\ProductsDao.php(188): PDOStatement->execute(Array)
#1 C:\xampp\htdocs\MagBuy\controller\products\infinite_scroll_controller.php(20): model\database\ProductsDao->getProductsBySubcategoryInfiScroll('1', '24')
#2 {main}
2017-10-29 10:18:33 /MagBuy/controller/cart/new_order_controller.php PDOException: SQLSTATE[23000]: Integrity constraint violation: 1452 Cannot add or update a child row: a foreign key constraint fails (`magbuy`.`order_products`, CONSTRAINT `order_products_ibfk_2` FOREIGN KEY (`product_id`) REFERENCES `products` (`id`)) in C:\xampp\htdocs\MagBuy\model\database\OrdersDao.php:64
Stack trace:
#0 C:\xampp\htdocs\MagBuy\model\database\OrdersDao.php(64): PDOStatement->execute(Array)
#1 C:\xampp\htdocs\MagBuy\controller\cart\new_order_controller.php(21): model\database\OrdersDao->newOrder(Object(model\Order), Array)
#2 {main}
